2025-10-28 14:44:09,426 - [INFO] - from org.nd4j.linalg.factory.Nd4jBackend in main
                
Loaded [CpuBackend] backend

2025-10-28 14:44:11,101 - [INFO] - from org.nd4j.nativeblas.NativeOpsHolder in main
                
Number of threads used for linear algebra: 10

2025-10-28 14:44:11,105 - [INFO] - from org.nd4j.linalg.cpu.nativecpu.CpuNDArrayFactory in main
                
Binary level Generic x86 optimization level AVX/AVX2

2025-10-28 14:44:11,110 - [INFO] - from org.nd4j.nativeblas.Nd4jBlas in main
                
Number of threads used for OpenMP BLAS: 10

2025-10-28 14:44:11,113 - [INFO] - from org.nd4j.linalg.api.ops.executioner.DefaultOpExecutioner in main
                
Backend used: [CPU]; OS: [Linux]

2025-10-28 14:44:11,114 - [INFO] - from org.nd4j.linalg.api.ops.executioner.DefaultOpExecutioner in main
                
Cores: [12]; Memory: [3.8GB];

2025-10-28 14:44:11,114 - [INFO] - from org.nd4j.linalg.api.ops.executioner.DefaultOpExecutioner in main
                
Blas vendor: [OPENBLAS]

2025-10-28 14:44:11,118 - [INFO] - from org.nd4j.linalg.cpu.nativecpu.CpuBackend in main
                
Backend build information:
 GCC: "7.5.0"
STD version: 201103L
DEFAULT_ENGINE: samediff::ENGINE_CPU
HAVE_FLATBUFFERS
HAVE_OPENBLAS

2025-10-28 14:44:11,227 - [INFO] - from org.deeplearning4j.nn.multilayer.MultiLayerNetwork in main
                
Starting MultiLayerNetwork with WorkspaceModes set to [training: ENABLED; inference: ENABLED], cacheMode set to [NONE]

2025-10-28 14:44:11,287 - [INFO] - from org.deeplearning4j.optimize.listeners.ScoreIterationListener in main
                
Score at iteration 0 is 1.294930273914337

2025-10-28 14:44:12,102 - [INFO] - from org.deeplearning4j.optimize.listeners.ScoreIterationListener in main
                
Score at iteration 100 is 0.36763790966350063

2025-10-28 14:44:12,479 - [INFO] - from org.deeplearning4j.optimize.listeners.ScoreIterationListener in main
                
Score at iteration 200 is 0.19549319346217786

2025-10-28 14:44:12,889 - [INFO] - from org.deeplearning4j.optimize.listeners.ScoreIterationListener in main
                
Score at iteration 300 is 0.09945250762549362

2025-10-28 14:44:13,249 - [INFO] - from org.deeplearning4j.optimize.listeners.ScoreIterationListener in main
                
Score at iteration 400 is 0.07270878554570258

2025-10-28 14:44:13,723 - [INFO] - from org.deeplearning4j.optimize.listeners.ScoreIterationListener in main
                
Score at iteration 500 is 0.05998708350838179

2025-10-28 14:44:13,978 - [INFO] - from org.deeplearning4j.optimize.listeners.ScoreIterationListener in main
                
Score at iteration 600 is 0.05236698033481603

2025-10-28 14:44:14,328 - [INFO] - from org.deeplearning4j.optimize.listeners.ScoreIterationListener in main
                
Score at iteration 700 is 0.04721568972938784

2025-10-28 14:44:14,877 - [INFO] - from org.deeplearning4j.optimize.listeners.ScoreIterationListener in main
                
Score at iteration 800 is 0.043454822786597194

2025-10-28 14:44:15,256 - [INFO] - from org.deeplearning4j.optimize.listeners.ScoreIterationListener in main
                
Score at iteration 900 is 0.04055797802249527

2025-10-28 14:48:49,463 - [INFO] - from org.nd4j.linalg.factory.Nd4jBackend in main
                
Loaded [CpuBackend] backend

2025-10-28 14:48:49,881 - [INFO] - from org.nd4j.nativeblas.NativeOpsHolder in main
                
Number of threads used for linear algebra: 10

2025-10-28 14:48:49,885 - [INFO] - from org.nd4j.linalg.cpu.nativecpu.CpuNDArrayFactory in main
                
Binary level Generic x86 optimization level AVX/AVX2

2025-10-28 14:48:49,890 - [INFO] - from org.nd4j.nativeblas.Nd4jBlas in main
                
Number of threads used for OpenMP BLAS: 10

2025-10-28 14:48:49,893 - [INFO] - from org.nd4j.linalg.api.ops.executioner.DefaultOpExecutioner in main
                
Backend used: [CPU]; OS: [Linux]

2025-10-28 14:48:49,893 - [INFO] - from org.nd4j.linalg.api.ops.executioner.DefaultOpExecutioner in main
                
Cores: [12]; Memory: [3.8GB];

2025-10-28 14:48:49,893 - [INFO] - from org.nd4j.linalg.api.ops.executioner.DefaultOpExecutioner in main
                
Blas vendor: [OPENBLAS]

2025-10-28 14:48:49,895 - [INFO] - from org.nd4j.linalg.cpu.nativecpu.CpuBackend in main
                
Backend build information:
 GCC: "7.5.0"
STD version: 201103L
DEFAULT_ENGINE: samediff::ENGINE_CPU
HAVE_FLATBUFFERS
HAVE_OPENBLAS

2025-10-28 14:48:50,027 - [INFO] - from org.deeplearning4j.nn.multilayer.MultiLayerNetwork in main
                
Starting MultiLayerNetwork with WorkspaceModes set to [training: ENABLED; inference: ENABLED], cacheMode set to [NONE]

2025-10-28 14:48:50,085 - [INFO] - from org.deeplearning4j.optimize.listeners.ScoreIterationListener in main
                
Score at iteration 0 is 1.3322154396027632

2025-10-28 14:48:50,580 - [INFO] - from org.deeplearning4j.optimize.listeners.ScoreIterationListener in main
                
Score at iteration 100 is 0.39640350998260915

2025-10-28 14:48:51,157 - [INFO] - from org.deeplearning4j.optimize.listeners.ScoreIterationListener in main
                
Score at iteration 200 is 0.3024984648390008

2025-10-28 14:48:51,610 - [INFO] - from org.deeplearning4j.optimize.listeners.ScoreIterationListener in main
                
Score at iteration 300 is 0.18404272155862014

2025-10-28 14:48:51,922 - [INFO] - from org.deeplearning4j.optimize.listeners.ScoreIterationListener in main
                
Score at iteration 400 is 0.11627490745603104

2025-10-28 14:48:52,307 - [INFO] - from org.deeplearning4j.optimize.listeners.ScoreIterationListener in main
                
Score at iteration 500 is 0.09220927447832132

2025-10-28 14:48:52,717 - [INFO] - from org.deeplearning4j.optimize.listeners.ScoreIterationListener in main
                
Score at iteration 600 is 0.08084043045526232

2025-10-28 14:48:53,008 - [INFO] - from org.deeplearning4j.optimize.listeners.ScoreIterationListener in main
                
Score at iteration 700 is 0.07460314959153612

2025-10-28 14:48:53,103 - [INFO] - from org.deeplearning4j.optimize.listeners.ScoreIterationListener in main
                
Score at iteration 800 is 0.07084765487461776

2025-10-28 14:48:53,199 - [INFO] - from org.deeplearning4j.optimize.listeners.ScoreIterationListener in main
                
Score at iteration 900 is 0.06841140256041499

2025-10-28 15:59:30,093 - [INFO] - from org.nd4j.linalg.factory.Nd4jBackend in main
                
Loaded [CpuBackend] backend

2025-10-28 15:59:30,491 - [INFO] - from org.nd4j.nativeblas.NativeOpsHolder in main
                
Number of threads used for linear algebra: 10

2025-10-28 15:59:30,494 - [INFO] - from org.nd4j.linalg.cpu.nativecpu.CpuNDArrayFactory in main
                
Binary level Generic x86 optimization level AVX/AVX2

2025-10-28 15:59:30,499 - [INFO] - from org.nd4j.nativeblas.Nd4jBlas in main
                
Number of threads used for OpenMP BLAS: 10

2025-10-28 15:59:30,501 - [INFO] - from org.nd4j.linalg.api.ops.executioner.DefaultOpExecutioner in main
                
Backend used: [CPU]; OS: [Linux]

2025-10-28 15:59:30,501 - [INFO] - from org.nd4j.linalg.api.ops.executioner.DefaultOpExecutioner in main
                
Cores: [12]; Memory: [3.8GB];

2025-10-28 15:59:30,502 - [INFO] - from org.nd4j.linalg.api.ops.executioner.DefaultOpExecutioner in main
                
Blas vendor: [OPENBLAS]

2025-10-28 15:59:30,504 - [INFO] - from org.nd4j.linalg.cpu.nativecpu.CpuBackend in main
                
Backend build information:
 GCC: "7.5.0"
STD version: 201103L
DEFAULT_ENGINE: samediff::ENGINE_CPU
HAVE_FLATBUFFERS
HAVE_OPENBLAS

2025-10-28 15:59:30,656 - [INFO] - from org.deeplearning4j.nn.multilayer.MultiLayerNetwork in main
                
Starting MultiLayerNetwork with WorkspaceModes set to [training: ENABLED; inference: ENABLED], cacheMode set to [NONE]

2025-10-28 15:59:30,725 - [INFO] - from org.deeplearning4j.optimize.listeners.ScoreIterationListener in main
                
Score at iteration 0 is 1.3158304103310574

2025-10-28 15:59:31,419 - [INFO] - from org.deeplearning4j.optimize.listeners.ScoreIterationListener in main
                
Score at iteration 100 is 0.4467960901873732

2025-10-28 15:59:31,775 - [INFO] - from org.deeplearning4j.optimize.listeners.ScoreIterationListener in main
                
Score at iteration 200 is 0.20906502579979538

2025-10-28 15:59:32,091 - [INFO] - from org.deeplearning4j.optimize.listeners.ScoreIterationListener in main
                
Score at iteration 300 is 0.1172880109216879

2025-10-28 15:59:32,418 - [INFO] - from org.deeplearning4j.optimize.listeners.ScoreIterationListener in main
                
Score at iteration 400 is 0.09284745442981111

2025-10-28 15:59:32,740 - [INFO] - from org.deeplearning4j.optimize.listeners.ScoreIterationListener in main
                
Score at iteration 500 is 0.08156751307419255

2025-10-28 15:59:32,953 - [INFO] - from org.deeplearning4j.optimize.listeners.ScoreIterationListener in main
                
Score at iteration 600 is 0.0751988469371694

2025-10-28 15:59:33,199 - [INFO] - from org.deeplearning4j.optimize.listeners.ScoreIterationListener in main
                
Score at iteration 700 is 0.07120676744851132

2025-10-28 15:59:33,473 - [INFO] - from org.deeplearning4j.optimize.listeners.ScoreIterationListener in main
                
Score at iteration 800 is 0.06852524255393308

2025-10-28 15:59:33,661 - [INFO] - from org.deeplearning4j.optimize.listeners.ScoreIterationListener in main
                
Score at iteration 900 is 0.06662653315888184

2025-10-28 15:59:33,956 - [INFO] - from org.deeplearning4j.optimize.listeners.ScoreIterationListener in main
                
Score at iteration 1000 is 0.06522247493602688

